{"level":"info","message":"Leitura iniciada","timestamp":"10:05:41 AM"}
{"level":"info","message":"Leitura iniciada","timestamp":"10:06:13 AM"}
{"level":"info","message":"Leitura iniciada","timestamp":"10:07:23 AM"}
{"level":"info","message":"Leitura iniciada","timestamp":"10:07:42 AM"}
{"level":"info","message":"Leitura iniciada","timestamp":"10:07:54 AM"}
{"level":"info","message":"Leitura iniciada","timestamp":"10:08:22 AM"}
{"level":"info","message":"Leitura iniciada","timestamp":"10:10:33 AM"}
{"level":"info","message":"Leitura iniciada","timestamp":"10:11:13 AM"}
{"level":"info","message":"Leitura iniciada","timestamp":"10:25:07 AM"}
{"level":"info","message":"Leitura iniciada","timestamp":"10:26:41 AM"}
{"level":"info","message":"Leitura iniciada","timestamp":"10:26:58 AM"}
{"level":"info","message":"Leitura iniciada","timestamp":"10:30:58 AM"}
{"level":"info","message":"Leitura iniciada","timestamp":"10:47:51 AM"}
{"level":"info","message":"Leitura iniciada","timestamp":"10:48:25 AM"}
{"level":"info","message":"Leitura iniciada","timestamp":"10:49:05 AM"}
{"level":"info","message":"Leitura iniciada","timestamp":"10:51:27 AM"}
{"level":"info","message":"Leitura iniciada","timestamp":"10:51:34 AM"}
{"level":"info","message":"Leitura iniciada","timestamp":"10:51:53 AM"}
{"level":"info","message":"Leitura iniciada","timestamp":"10:52:16 AM"}
{"level":"info","message":"Leitura iniciada","timestamp":"10:52:23 AM"}
{"level":"info","message":"Leitura iniciada","timestamp":"10:52:53 AM"}
{"level":"info","message":"Leitura iniciada","timestamp":"10:53:02 AM"}
{"level":"info","message":"Leitura iniciada","timestamp":"10:54:10 AM"}
{"level":"info","message":"Leitura Iniciada","timestamp":"11:12:24 AM"}
{"level":"info","message":"Leitura Finizalida","timestamp":"11:12:24 AM"}
{"level":"info","message":"Leitura Iniciada","timestamp":"11:13:01 AM"}
{"level":"info","message":"Leitura Finizalida","timestamp":"11:13:01 AM"}
{"level":"info","message":"Leitura Iniciada","timestamp":"11:13:17 AM"}
{"level":"info","message":"Leitura Finizalida","timestamp":"11:13:17 AM"}
{"level":"info","message":"Leitura Iniciada","timestamp":"11:13:34 AM"}
{"level":"info","message":"Leitura Finizalida","timestamp":"11:13:34 AM"}
{"level":"info","message":"Update Iniciado","timestamp":"11:13:34 AM"}
{"level":"info","message":"Leitura Iniciada","timestamp":"11:13:48 AM"}
{"level":"info","message":"Leitura Finizalida","timestamp":"11:13:48 AM"}
{"level":"info","message":"Update Iniciado","timestamp":"11:13:48 AM"}
{"level":"info","message":"Leitura Iniciada","timestamp":"11:14:05 AM"}
{"level":"info","message":"Leitura Finizalida","timestamp":"11:14:05 AM"}
{"level":"info","message":"Update Iniciado","timestamp":"11:14:05 AM"}
{"level":"info","message":"Leitura Iniciada","timestamp":"11:14:34 AM"}
{"level":"info","message":"Leitura Finizalida","timestamp":"11:14:34 AM"}
{"level":"info","message":"Update Iniciado","timestamp":"11:14:34 AM"}
{"level":"info","message":"Leitura Iniciada","timestamp":"11:15:01 AM"}
{"level":"info","message":"Leitura Finizalida","timestamp":"11:15:01 AM"}
{"level":"info","message":"Update Iniciado","timestamp":"11:15:01 AM"}
{"level":"info","message":"Leitura Iniciada","timestamp":"11:34:06 AM"}
{"level":"info","message":"Leitura Finizalida","timestamp":"11:34:06 AM"}
{"level":"info","message":"Update Iniciado","timestamp":"11:34:06 AM"}
{"level":"info","message":"Leitura Iniciada","timestamp":"11:36:41 AM"}
{"level":"info","message":"Leitura Iniciada","timestamp":"11:37:04 AM"}
{"level":"info","message":"Leitura Finizalida","timestamp":"11:37:04 AM"}
{"level":"info","message":"Update Iniciado","timestamp":"11:37:04 AM"}
{"level":"info","message":"Leitura Iniciada","timestamp":"11:37:19 AM"}
{"level":"info","message":"Leitura Finizalida","timestamp":"11:37:19 AM"}
{"level":"info","message":"Update Iniciado","timestamp":"11:37:19 AM"}
{"level":"info","message":"Update Iniciado","timestamp":"11:37:20 AM"}
{"level":"info","message":"Update Iniciado","timestamp":"11:37:20 AM"}
{"level":"info","message":"Update Iniciado","timestamp":"11:37:20 AM"}
{"level":"info","message":"Update Iniciado","timestamp":"11:37:20 AM"}
{"level":"info","message":"Update Iniciado","timestamp":"11:37:20 AM"}
{"level":"info","message":"Update Iniciado","timestamp":"11:37:20 AM"}
{"level":"info","message":"Update Iniciado","timestamp":"11:37:20 AM"}
{"level":"info","message":"Update Iniciado","timestamp":"11:37:20 AM"}
{"level":"info","message":"Leitura Iniciada","timestamp":"11:39:54 AM"}
{"level":"info","message":"Leitura Finizalida","timestamp":"11:39:54 AM"}
{"level":"info","message":"Update Iniciado","timestamp":"11:39:54 AM"}
{"level":"info","message":"Donwload Iniciado","timestamp":"11:47:40 AM"}
{"level":"info","message":"Donwload Iniciado","timestamp":"11:47:51 AM"}
{"level":"info","message":"Arquivo Atualizado, Download Cancelado","timestamp":"11:47:57 AM"}
{"level":"info","message":"Donwload Iniciado","timestamp":"11:49:26 AM"}
{"level":"info","message":"Donwload Iniciado","timestamp":"11:49:45 AM"}
{"level":"info","message":"Download Concluido","timestamp":"11:51:52 AM"}
{"level":"info","message":"Iniciada Extração","timestamp":"11:51:52 AM"}
{"level":"info","message":"Extração Finalizada","timestamp":"11:51:52 AM"}
{"level":"info","message":"Leitura Iniciada","timestamp":"11:51:52 AM"}
{"level":"info","message":"Donwload Iniciado","timestamp":"11:52:27 AM"}
{"level":"info","message":"Arquivo Atualizado, Download Cancelado","timestamp":"11:52:29 AM"}
{"level":"info","message":"Donwload Iniciado","timestamp":"11:52:47 AM"}
{"level":"info","message":"Donwload Iniciado","timestamp":"11:54:09 AM"}
{"level":"info","message":"Download Concluido","timestamp":"11:57:14 AM"}
{"level":"info","message":"Iniciada Extração","timestamp":"11:57:14 AM"}
{"level":"info","message":"Extração Finalizada","timestamp":"11:57:16 AM"}
{"level":"info","message":"Leitura Iniciada","timestamp":"11:57:16 AM"}
{"level":"info","message":"Leitura Finizalida","timestamp":"11:57:33 AM"}
{"level":"info","message":"Update Iniciado","timestamp":"11:57:33 AM"}
{"level":"info","message":"Database Atualizada","timestamp":"12:03:04 PM"}
