{"level":"info","message":"Donwload Iniciado","timestamp":"4:18:00 PM"}
{"level":"info","message":"Arquivo Atualizado, Download Cancelado","timestamp":"4:18:01 PM"}
{"level":"info","message":"Donwload Iniciado","timestamp":"4:20:00 PM"}
{"level":"info","message":"Download Concluido","timestamp":"4:20:01 PM"}
{"level":"info","message":"Iniciada Extração","timestamp":"4:20:01 PM"}
{"level":"info","message":"Extração Finalizada","timestamp":"4:20:02 PM"}
{"level":"info","message":"Donwload Iniciado","timestamp":"4:22:00 PM"}
{"level":"info","message":"Arquivo Atualizado, Download Cancelado","timestamp":"4:22:01 PM"}
{"level":"info","message":"Donwload Iniciado","timestamp":"4:23:00 PM"}
{"level":"info","message":"Download Concluido","timestamp":"4:23:02 PM"}
{"level":"info","message":"Iniciada Extração","timestamp":"4:23:02 PM"}
{"level":"info","message":"Extração Finalizada","timestamp":"4:23:02 PM"}
{"level":"info","message":"Donwload Iniciado","timestamp":"4:26:00 PM"}
{"level":"info","message":"Download Concluido","timestamp":"4:26:02 PM"}
{"level":"info","message":"Iniciada Extração","timestamp":"4:26:02 PM"}
{"level":"info","message":"Extração Finalizada","timestamp":"4:26:03 PM"}
{"level":"info","message":"Leitura Iniciada","timestamp":"4:26:03 PM"}
{"level":"info","message":"Leitura Finizalida","timestamp":"4:26:17 PM"}
{"level":"info","message":"Update Iniciado","timestamp":"4:26:17 PM"}
{"level":"info","message":"Database Atualizada","timestamp":"4:31:37 PM"}
